<?xml version="1.0" encoding="UTF-8"?>
<testng-results ignored="0" total="1" passed="1" failed="0" skipped="0">
  <reporter-output>
  </reporter-output>
  <suite started-at="2022-09-19T12:09:25 IST" name="Surefire suite" finished-at="2022-09-19T12:09:45 IST" duration-ms="19636">
    <groups>
    </groups>
    <test started-at="2022-09-19T12:09:25 IST" name="Surefire test" finished-at="2022-09-19T12:09:45 IST" duration-ms="19636">
      <class name="CUCUMBER.AUTOMATION.AppTest">
        <test-method signature="shouldAnswerWithTrue()" started-at="2022-09-19T12:09:26 IST" name="shouldAnswerWithTrue" finished-at="2022-09-19T12:09:26 IST" duration-ms="6" status="PASS">
          <reporter-output>
          </reporter-output>
        </test-method> <!-- shouldAnswerWithTrue -->
      </class> <!-- CUCUMBER.AUTOMATION.AppTest -->
    </test> <!-- Surefire test -->
  </suite> <!-- Surefire suite -->
</testng-results>
